<?xml version="1.0" encoding="UTF-8"?>
<!-- Generated by org.testng.reporters.JUnitReportReporter -->
<testsuite hostname="LAPTOP-D72R403P" failures="0" tests="3" name="runner.CucumberRunnerTests" time="196.762" errors="0" timestamp="2023-04-19T13:31:55 IST" skipped="0">
  <testcase classname="runner.CucumberRunnerTests" name="runScenario" time="107.005"/>
  <system-out/>
  <testcase classname="runner.CucumberRunnerTests" name="runScenario" time="45.858"/>
  <system-out/>
  <testcase classname="runner.CucumberRunnerTests" name="runScenario" time="43.899"/>
  <system-out/>
</testsuite> <!-- runner.CucumberRunnerTests -->
